[2026-03-13T19:34:51.514+0000] {local_task_job_runner.py:123} INFO - ::group::Pre task execution logs
[2026-03-13T19:34:51.563+0000] {taskinstance.py:2614} INFO - Dependencies all met for dep_context=non-requeueable deps ti=<TaskInstance: acp_sanity.show_repo manual__2026-03-13T19:34:47.274950+00:00 [queued]>
[2026-03-13T19:34:51.581+0000] {taskinstance.py:2614} INFO - Dependencies all met for dep_context=requeueable deps ti=<TaskInstance: acp_sanity.show_repo manual__2026-03-13T19:34:47.274950+00:00 [queued]>
[2026-03-13T19:34:51.581+0000] {taskinstance.py:2867} INFO - Starting attempt 1 of 1
[2026-03-13T19:34:51.600+0000] {taskinstance.py:2890} INFO - Executing <Task(BashOperator): show_repo> on 2026-03-13 19:34:47.274950+00:00
[2026-03-13T19:34:51.612+0000] {standard_task_runner.py:104} INFO - Running: ['***', 'tasks', 'run', 'acp_sanity', 'show_repo', 'manual__2026-03-13T19:34:47.274950+00:00', '--job-id', '9', '--raw', '--subdir', 'DAGS_FOLDER/acp_sanity.py', '--cfg-path', '/tmp/tmplo2j_or6']
[2026-03-13T19:34:51.615+0000] {standard_task_runner.py:105} INFO - Job 9: Subtask show_repo
[2026-03-13T19:34:51.616+0000] {logging_mixin.py:190} WARNING - /home/***/.local/lib/python3.12/site-packages/***/task/task_runner/standard_task_runner.py:70 DeprecationWarning: This process (pid=187) is multi-threaded, use of fork() may lead to deadlocks in the child.
[2026-03-13T19:34:51.617+0000] {standard_task_runner.py:72} INFO - Started process 188 to run task
[2026-03-13T19:34:51.659+0000] {task_command.py:467} INFO - Running <TaskInstance: acp_sanity.show_repo manual__2026-03-13T19:34:47.274950+00:00 [running]> on host 85bb19e1ea0e
[2026-03-13T19:34:51.771+0000] {taskinstance.py:3134} INFO - Exporting env vars: AIRFLOW_CTX_DAG_OWNER='***' AIRFLOW_CTX_DAG_ID='acp_sanity' AIRFLOW_CTX_TASK_ID='show_repo' AIRFLOW_CTX_EXECUTION_DATE='2026-03-13T19:34:47.274950+00:00' AIRFLOW_CTX_TRY_NUMBER='1' AIRFLOW_CTX_DAG_RUN_ID='manual__2026-03-13T19:34:47.274950+00:00'
[2026-03-13T19:34:51.773+0000] {taskinstance.py:732} INFO - ::endgroup::
[2026-03-13T19:34:51.843+0000] {subprocess.py:78} INFO - Tmp dir root location: /tmp
[2026-03-13T19:34:51.845+0000] {subprocess.py:88} INFO - Running command: ['/usr/bin/bash', '-c', '\n        echo "=====|Checking ACP repo mount|====="\n        cd /opt/***/acp\n        pwd\n        ls -la\n\n        echo "=====|Python version|====="\n        python --version\n\n        echo "=====|Try package import|====="\n        python -c "import aether; print(\'aether import OK\')"\n\n        echo "=====|Try CLI help|====="\n        python -m aether.cli --help\n        ']
[2026-03-13T19:34:51.858+0000] {subprocess.py:99} INFO - Output:
[2026-03-13T19:34:51.872+0000] {subprocess.py:106} INFO - =====|Checking ACP repo mount|=====
[2026-03-13T19:34:51.872+0000] {subprocess.py:106} INFO - /opt/***/acp
[2026-03-13T19:34:51.883+0000] {subprocess.py:106} INFO - total 40
[2026-03-13T19:34:51.884+0000] {subprocess.py:106} INFO - drwxr-xr-x 18 *** root  576 Mar 13 18:01 .
[2026-03-13T19:34:51.884+0000] {subprocess.py:106} INFO - drwxrwxr-x  1 *** root 4096 Mar 13 19:33 ..
[2026-03-13T19:34:51.885+0000] {subprocess.py:106} INFO - -rw-r--r--  1 *** root 6148 Mar 13 18:47 .DS_Store
[2026-03-13T19:34:51.885+0000] {subprocess.py:106} INFO - -rw-r--r--  1 *** root  666 Mar 13 18:24 .env
[2026-03-13T19:34:51.885+0000] {subprocess.py:106} INFO - -rw-r--r--  1 *** root  659 Mar 13 18:24 .env.example
[2026-03-13T19:34:51.885+0000] {subprocess.py:106} INFO - drwxr-xr-x 16 *** root  512 Mar 12 22:54 .git
[2026-03-13T19:34:51.885+0000] {subprocess.py:106} INFO - -rw-r--r--  1 *** root  210 Mar  7 15:05 .gitignore
[2026-03-13T19:34:51.885+0000] {subprocess.py:106} INFO - -rw-r--r--  1 *** root 5563 Mar  7 16:03 README.md
[2026-03-13T19:34:51.886+0000] {subprocess.py:106} INFO - drwxr-xr-x  7 *** root  224 Mar 12 10:29 aether
[2026-03-13T19:34:51.886+0000] {subprocess.py:106} INFO - -rwxr-xr-x  1 *** root   60 Mar  2 13:35 aether.sh
[2026-03-13T19:34:51.887+0000] {subprocess.py:106} INFO - drwxr-xr-x  8 *** root  256 Mar  2 13:27 aether_cloud_platform.egg-info
[2026-03-13T19:34:51.888+0000] {subprocess.py:106} INFO - drwxr-xr-x  6 *** root  192 Mar 13 18:46 ***
[2026-03-13T19:34:51.888+0000] {subprocess.py:106} INFO - drwxr-xr-x  9 *** root  288 Mar  3 11:27 config
[2026-03-13T19:34:51.889+0000] {subprocess.py:106} INFO - drwxr-xr-x  9 *** root  288 Mar 13 18:25 data
[2026-03-13T19:34:51.890+0000] {subprocess.py:106} INFO - drwxr-xr-x  5 *** root  160 Mar 13 18:16 docker
[2026-03-13T19:34:51.890+0000] {subprocess.py:106} INFO - drwxr-xr-x  9 *** root  288 Mar 12 11:31 docs
[2026-03-13T19:34:51.890+0000] {subprocess.py:106} INFO - -rw-r--r--  1 *** root  365 Mar  2 13:26 pyproject.toml
[2026-03-13T19:34:51.891+0000] {subprocess.py:106} INFO - drwxr-xr-x 13 *** root  416 Mar 12 21:35 scripts
[2026-03-13T19:34:51.891+0000] {subprocess.py:106} INFO - =====|Python version|=====
[2026-03-13T19:34:51.901+0000] {subprocess.py:106} INFO - Python 3.12.9
[2026-03-13T19:34:51.901+0000] {subprocess.py:106} INFO - =====|Try package import|=====
[2026-03-13T19:34:51.967+0000] {subprocess.py:106} INFO - aether import OK
[2026-03-13T19:34:51.970+0000] {subprocess.py:106} INFO - =====|Try CLI help|=====
[2026-03-13T19:34:52.062+0000] {subprocess.py:106} INFO - /opt/***/acp/aether/cli.py:189: SyntaxWarning: invalid escape sequence '\ '
[2026-03-13T19:34:52.063+0000] {subprocess.py:106} INFO -   console.print("""[green]
[2026-03-13T19:34:52.195+0000] {subprocess.py:106} INFO - Traceback (most recent call last):
[2026-03-13T19:34:52.196+0000] {subprocess.py:106} INFO -   File "<frozen runpy>", line 198, in _run_module_as_main
[2026-03-13T19:34:52.196+0000] {subprocess.py:106} INFO -   File "<frozen runpy>", line 88, in _run_code
[2026-03-13T19:34:52.196+0000] {subprocess.py:106} INFO -   File "/opt/***/acp/aether/cli.py", line 10, in <module>
[2026-03-13T19:34:52.196+0000] {subprocess.py:106} INFO -     import typer
[2026-03-13T19:34:52.196+0000] {subprocess.py:106} INFO - ModuleNotFoundError: No module named 'typer'
[2026-03-13T19:34:52.202+0000] {subprocess.py:110} INFO - Command exited with return code 1
[2026-03-13T19:34:52.216+0000] {taskinstance.py:3313} ERROR - Task failed with exception
Traceback (most recent call last):
  File "/home/airflow/.local/lib/python3.12/site-packages/airflow/models/taskinstance.py", line 768, in _execute_task
    result = _execute_callable(context=context, **execute_callable_kwargs)
             ^^^^^^^^^^^^^^^^^^^^^^^^^^^^^^^^^^^^^^^^^^^^^^^^^^^^^^^^^^^^^
  File "/home/airflow/.local/lib/python3.12/site-packages/airflow/models/taskinstance.py", line 734, in _execute_callable
    return ExecutionCallableRunner(
           ^^^^^^^^^^^^^^^^^^^^^^^^
  File "/home/airflow/.local/lib/python3.12/site-packages/airflow/utils/operator_helpers.py", line 252, in run
    return self.func(*args, **kwargs)
           ^^^^^^^^^^^^^^^^^^^^^^^^^^
  File "/home/airflow/.local/lib/python3.12/site-packages/airflow/models/baseoperator.py", line 424, in wrapper
    return func(self, *args, **kwargs)
           ^^^^^^^^^^^^^^^^^^^^^^^^^^^
  File "/home/airflow/.local/lib/python3.12/site-packages/airflow/operators/bash.py", line 276, in execute
    raise AirflowException(
airflow.exceptions.AirflowException: Bash command failed. The command returned a non-zero exit code 1.
[2026-03-13T19:34:52.222+0000] {taskinstance.py:1226} INFO - Marking task as FAILED. dag_id=acp_sanity, task_id=show_repo, run_id=manual__2026-03-13T19:34:47.274950+00:00, execution_date=20260313T193447, start_date=20260313T193451, end_date=20260313T193452
[2026-03-13T19:34:52.247+0000] {taskinstance.py:341} INFO - ::group::Post task execution logs
[2026-03-13T19:34:52.248+0000] {standard_task_runner.py:124} ERROR - Failed to execute job 9 for task show_repo (Bash command failed. The command returned a non-zero exit code 1.; 188)
Traceback (most recent call last):
  File "/home/airflow/.local/lib/python3.12/site-packages/airflow/task/task_runner/standard_task_runner.py", line 117, in _start_by_fork
    ret = args.func(args, dag=self.dag)
          ^^^^^^^^^^^^^^^^^^^^^^^^^^^^^
  File "/home/airflow/.local/lib/python3.12/site-packages/airflow/cli/cli_config.py", line 49, in command
    return func(*args, **kwargs)
           ^^^^^^^^^^^^^^^^^^^^^
  File "/home/airflow/.local/lib/python3.12/site-packages/airflow/utils/cli.py", line 116, in wrapper
    return f(*args, **kwargs)
           ^^^^^^^^^^^^^^^^^^
  File "/home/airflow/.local/lib/python3.12/site-packages/airflow/cli/commands/task_command.py", line 483, in task_run
    task_return_code = _run_task_by_selected_method(args, _dag, ti)
                       ^^^^^^^^^^^^^^^^^^^^^^^^^^^^^^^^^^^^^^^^^^^^
  File "/home/airflow/.local/lib/python3.12/site-packages/airflow/cli/commands/task_command.py", line 256, in _run_task_by_selected_method
    return _run_raw_task(args, ti)
           ^^^^^^^^^^^^^^^^^^^^^^^
  File "/home/airflow/.local/lib/python3.12/site-packages/airflow/cli/commands/task_command.py", line 341, in _run_raw_task
    return ti._run_raw_task(
           ^^^^^^^^^^^^^^^^^
  File "/home/airflow/.local/lib/python3.12/site-packages/airflow/utils/session.py", line 97, in wrapper
    return func(*args, session=session, **kwargs)
           ^^^^^^^^^^^^^^^^^^^^^^^^^^^^^^^^^^^^^^
  File "/home/airflow/.local/lib/python3.12/site-packages/airflow/models/taskinstance.py", line 3006, in _run_raw_task
    return _run_raw_task(
           ^^^^^^^^^^^^^^
  File "/home/airflow/.local/lib/python3.12/site-packages/airflow/models/taskinstance.py", line 274, in _run_raw_task
    TaskInstance._execute_task_with_callbacks(
  File "/home/airflow/.local/lib/python3.12/site-packages/airflow/models/taskinstance.py", line 3161, in _execute_task_with_callbacks
    result = self._execute_task(context, task_orig)
             ^^^^^^^^^^^^^^^^^^^^^^^^^^^^^^^^^^^^^^
  File "/home/airflow/.local/lib/python3.12/site-packages/airflow/models/taskinstance.py", line 3185, in _execute_task
    return _execute_task(self, context, task_orig)
           ^^^^^^^^^^^^^^^^^^^^^^^^^^^^^^^^^^^^^^^
  File "/home/airflow/.local/lib/python3.12/site-packages/airflow/models/taskinstance.py", line 768, in _execute_task
    result = _execute_callable(context=context, **execute_callable_kwargs)
             ^^^^^^^^^^^^^^^^^^^^^^^^^^^^^^^^^^^^^^^^^^^^^^^^^^^^^^^^^^^^^
  File "/home/airflow/.local/lib/python3.12/site-packages/airflow/models/taskinstance.py", line 734, in _execute_callable
    return ExecutionCallableRunner(
           ^^^^^^^^^^^^^^^^^^^^^^^^
  File "/home/airflow/.local/lib/python3.12/site-packages/airflow/utils/operator_helpers.py", line 252, in run
    return self.func(*args, **kwargs)
           ^^^^^^^^^^^^^^^^^^^^^^^^^^
  File "/home/airflow/.local/lib/python3.12/site-packages/airflow/models/baseoperator.py", line 424, in wrapper
    return func(self, *args, **kwargs)
           ^^^^^^^^^^^^^^^^^^^^^^^^^^^
  File "/home/airflow/.local/lib/python3.12/site-packages/airflow/operators/bash.py", line 276, in execute
    raise AirflowException(
airflow.exceptions.AirflowException: Bash command failed. The command returned a non-zero exit code 1.
[2026-03-13T19:34:52.272+0000] {local_task_job_runner.py:266} INFO - Task exited with return code 1
[2026-03-13T19:34:52.288+0000] {taskinstance.py:3901} INFO - 0 downstream tasks scheduled from follow-on schedule check
[2026-03-13T19:34:52.289+0000] {local_task_job_runner.py:245} INFO - ::endgroup::
